c:\users\jumanazar\desktop\food_delivery_proiect\debug\vc142.pdb
c:\users\jumanazar\desktop\food_delivery_proiect\debug\vc142.idb
c:\users\jumanazar\desktop\food_delivery_proiect\debug\food_delivery_project.obj
c:\users\jumanazar\desktop\food_delivery_proiect\debug\food_delivery_proiect.pdb
c:\users\jumanazar\desktop\food_delivery_proiect\debug\food_del.dd535b3a.tlog\cl.command.1.tlog
c:\users\jumanazar\desktop\food_delivery_proiect\debug\food_del.dd535b3a.tlog\cl.read.1.tlog
c:\users\jumanazar\desktop\food_delivery_proiect\debug\food_del.dd535b3a.tlog\cl.write.1.tlog
c:\users\jumanazar\desktop\food_delivery_proiect\debug\food_del.dd535b3a.tlog\link-cvtres.read.1.tlog
c:\users\jumanazar\desktop\food_delivery_proiect\debug\food_del.dd535b3a.tlog\link-cvtres.write.1.tlog
c:\users\jumanazar\desktop\food_delivery_proiect\debug\food_del.dd535b3a.tlog\link-rc.read.1.tlog
c:\users\jumanazar\desktop\food_delivery_proiect\debug\food_del.dd535b3a.tlog\link-rc.write.1.tlog
c:\users\jumanazar\desktop\food_delivery_proiect\debug\food_del.dd535b3a.tlog\link.6500-cvtres.read.1.tlog
c:\users\jumanazar\desktop\food_delivery_proiect\debug\food_del.dd535b3a.tlog\link.6500-cvtres.write.1.tlog
c:\users\jumanazar\desktop\food_delivery_proiect\debug\food_del.dd535b3a.tlog\link.6500-rc.read.1.tlog
c:\users\jumanazar\desktop\food_delivery_proiect\debug\food_del.dd535b3a.tlog\link.6500-rc.write.1.tlog
c:\users\jumanazar\desktop\food_delivery_proiect\debug\food_del.dd535b3a.tlog\link.6500.read.1.tlog
c:\users\jumanazar\desktop\food_delivery_proiect\debug\food_del.dd535b3a.tlog\link.6500.write.1.tlog
c:\users\jumanazar\desktop\food_delivery_proiect\debug\food_del.dd535b3a.tlog\link.command.1.tlog
c:\users\jumanazar\desktop\food_delivery_proiect\debug\food_del.dd535b3a.tlog\link.read.1.tlog
c:\users\jumanazar\desktop\food_delivery_proiect\debug\food_del.dd535b3a.tlog\link.write.1.tlog
